<?xml version="1.0" encoding="UTF-8"?>
<Site BuildName="Linux-g++"
	BuildStamp="20260408-0231-Experimental"
	Name="zulfi-debian"
	Generator="ctest-3.31.6"
	CompilerName="/usr/bin/g++"
	CompilerVersion=""
	OSName="Linux"
	Hostname="zulfi-debian"
	OSRelease="6.12.74+deb13+1-amd64"
	OSVersion="#1 SMP PREEMPT_DYNAMIC Debian 6.12.74-2 (2026-03-08)"
	OSPlatform="x86_64"
	Is64Bits="1"
	VendorString="GenuineIntel"
	VendorID="Intel Corporation"
	FamilyID="6"
	ModelID="60"
	ModelName="Intel(R) Core(TM) i7-4790 CPU @ 3.60GHz"
	ProcessorCacheSize="8192"
	NumberOfLogicalCPU="8"
	NumberOfPhysicalCPU="4"
	TotalVirtualMemory="7627"
	TotalPhysicalMemory="7861"
	LogicalProcessorsPerPhysical="2"
	ProcessorClockFrequency="3670.04"
	>
	<Testing>
		<StartDateTime>Apr 08 11:21 WIB</StartDateTime>
		<StartTestTime>1775622104</StartTestTime>
		<TestList/>
		<EndDateTime>Apr 08 11:21 WIB</EndDateTime>
		<EndTestTime>1775622104</EndTestTime>
		<ElapsedMinutes>0</ElapsedMinutes>
	</Testing>
</Site>
